The system is: Windows - 6.1.7601 - AMD64
Compiling the C compiler identification source file "CMakeCCompilerId.c" succeeded.
Compiler: C:/Program Files (x86)/Microsoft Visual Studio/2017/Community/VC/Tools/MSVC/14.16.27023/bin/Hostx86/x86/cl.exe 
Build flags: 
Id flags:  

The output was:
0
Оптимизирующий компилятор Microsoft (R) C/C++ версии 19.16.27026.1 для x86
(C) Корпорация Майкрософт (Microsoft Corporation).  Все права защищены.

CMakeCCompilerId.c
Microsoft (R) Incremental Linker Version 14.16.27026.1
Copyright (C) Microsoft Corporation.  All rights reserved.

/out:CMakeCCompilerId.exe 
CMakeCCompilerId.obj 


Compilation of the C compiler identification source "CMakeCCompilerId.c" produced "CMakeCCompilerId.exe"

Compilation of the C compiler identification source "CMakeCCompilerId.c" produced "CMakeCCompilerId.obj"

The C compiler identification is MSVC, found in "C:/Users/USER/Desktop/Ucheeba/Programmistika/task6/cmake-build-debug/CMakeFiles/3.13.2/CompilerIdC/CMakeCCompilerId.exe"

Determining if the C compiler works passed with the following output:
Change Dir: C:/Users/USER/Desktop/Ucheeba/Programmistika/task6/cmake-build-debug/CMakeFiles/CMakeTmp

Run Build Command:"nmake" "/nologo" "cmTC_94ecc\fast"
	"C:\Program Files (x86)\Microsoft Visual Studio\2017\Community\VC\Tools\MSVC\14.16.27023\bin\HostX86\x86\nmake.exe" -f CMakeFiles\cmTC_94ecc.dir\build.make /nologo -L                  CMakeFiles\cmTC_94ecc.dir\build
Building C object CMakeFiles/cmTC_94ecc.dir/testCCompiler.c.obj
	"C:\PROGRA~2\Microsoft Visual Studio\2017\Community\VC\Tools\MSVC\14.16.27023\bin\Hostx86\x86\cl.exe" @C:\Users\USER\AppData\Local\Temp\nm2700.tmp
testCCompiler.c
Linking C executable cmTC_94ecc.exe
	"G:\CLion 2018.3.4\bin\cmake\win\bin\cmake.exe" -E vs_link_exe --intdir=CMakeFiles\cmTC_94ecc.dir --manifests  -- "C:\PROGRA~2\Microsoft Visual Studio\2017\Community\VC\Tools\MSVC\14.16.27023\bin\Hostx86\x86\link.exe" /nologo @CMakeFiles\cmTC_94ecc.dir\objects1.rsp @C:\Users\USER\AppData\Local\Temp\nm274F.tmp


Detecting C compiler ABI info compiled with the following output:
Change Dir: C:/Users/USER/Desktop/Ucheeba/Programmistika/task6/cmake-build-debug/CMakeFiles/CMakeTmp

Run Build Command:"nmake" "/nologo" "cmTC_0e958\fast"
	"C:\Program Files (x86)\Microsoft Visual Studio\2017\Community\VC\Tools\MSVC\14.16.27023\bin\HostX86\x86\nmake.exe" -f CMakeFiles\cmTC_0e958.dir\build.make /nologo -L                  CMakeFiles\cmTC_0e958.dir\build
Building C object CMakeFiles/cmTC_0e958.dir/CMakeCCompilerABI.c.obj
	"C:\PROGRA~2\Microsoft Visual Studio\2017\Community\VC\Tools\MSVC\14.16.27023\bin\Hostx86\x86\cl.exe" @C:\Users\USER\AppData\Local\Temp\nm2E63.tmp
CMakeCCompilerABI.c
Linking C executable cmTC_0e958.exe
	"G:\CLion 2018.3.4\bin\cmake\win\bin\cmake.exe" -E vs_link_exe --intdir=CMakeFiles\cmTC_0e958.dir --manifests  -- "C:\PROGRA~2\Microsoft Visual Studio\2017\Community\VC\Tools\MSVC\14.16.27023\bin\Hostx86\x86\link.exe" /nologo @CMakeFiles\cmTC_0e958.dir\objects1.rsp @C:\Users\USER\AppData\Local\Temp\nm2EB2.tmp




Detecting C [] compiler features compiled with the following output:
Change Dir: C:/Users/USER/Desktop/Ucheeba/Programmistika/task6/cmake-build-debug/CMakeFiles/CMakeTmp

Run Build Command:"nmake" "/nologo" "cmTC_c7108\fast"
	"C:\Program Files (x86)\Microsoft Visual Studio\2017\Community\VC\Tools\MSVC\14.16.27023\bin\HostX86\x86\nmake.exe" -f CMakeFiles\cmTC_c7108.dir\build.make /nologo -L                  CMakeFiles\cmTC_c7108.dir\build
Building C object CMakeFiles/cmTC_c7108.dir/feature_tests.c.obj
	"C:\PROGRA~2\Microsoft Visual Studio\2017\Community\VC\Tools\MSVC\14.16.27023\bin\Hostx86\x86\cl.exe" @C:\Users\USER\AppData\Local\Temp\nm321C.tmp
feature_tests.c
Linking C executable cmTC_c7108.exe
	"G:\CLion 2018.3.4\bin\cmake\win\bin\cmake.exe" -E vs_link_exe --intdir=CMakeFiles\cmTC_c7108.dir --manifests  -- "C:\PROGRA~2\Microsoft Visual Studio\2017\Community\VC\Tools\MSVC\14.16.27023\bin\Hostx86\x86\link.exe" /nologo @CMakeFiles\cmTC_c7108.dir\objects1.rsp @C:\Users\USER\AppData\Local\Temp\nm325B.tmp


    Feature record: C_FEATURE:1c_function_prototypes
    Feature record: C_FEATURE:1c_variadic_macros
