The system is: Windows - 6.1.7601 - AMD64
Compiling the C compiler identification source file "CMakeCCompilerId.c" succeeded.
Compiler: C:/Program Files (x86)/Microsoft Visual Studio/2017/Community/VC/Tools/MSVC/14.16.27023/bin/Hostx86/x86/cl.exe 
Build flags: 
Id flags:  

The output was:
0
Оптимизирующий компилятор Microsoft (R) C/C++ версии 19.16.27026.1 для x86
(C) Корпорация Майкрософт (Microsoft Corporation).  Все права защищены.

CMakeCCompilerId.c
Microsoft (R) Incremental Linker Version 14.16.27026.1
Copyright (C) Microsoft Corporation.  All rights reserved.

/out:CMakeCCompilerId.exe 
CMakeCCompilerId.obj 


Compilation of the C compiler identification source "CMakeCCompilerId.c" produced "CMakeCCompilerId.exe"

Compilation of the C compiler identification source "CMakeCCompilerId.c" produced "CMakeCCompilerId.obj"

The C compiler identification is MSVC, found in "C:/Users/USER/Desktop/Ucheeba/Programmistika/8/8.9/cmake-build-debug/CMakeFiles/3.13.2/CompilerIdC/CMakeCCompilerId.exe"

Determining if the C compiler works passed with the following output:
Change Dir: C:/Users/USER/Desktop/Ucheeba/Programmistika/8/8.9/cmake-build-debug/CMakeFiles/CMakeTmp

Run Build Command:"nmake" "/nologo" "cmTC_4323d\fast"
	"C:\Program Files (x86)\Microsoft Visual Studio\2017\Community\VC\Tools\MSVC\14.16.27023\bin\HostX86\x86\nmake.exe" -f CMakeFiles\cmTC_4323d.dir\build.make /nologo -L                  CMakeFiles\cmTC_4323d.dir\build
Building C object CMakeFiles/cmTC_4323d.dir/testCCompiler.c.obj
	"C:\PROGRA~2\Microsoft Visual Studio\2017\Community\VC\Tools\MSVC\14.16.27023\bin\Hostx86\x86\cl.exe" @C:\Users\USER\AppData\Local\Temp\nm9236.tmp
testCCompiler.c
Linking C executable cmTC_4323d.exe
	"G:\CLion 2018.3.4\bin\cmake\win\bin\cmake.exe" -E vs_link_exe --intdir=CMakeFiles\cmTC_4323d.dir --manifests  -- "C:\PROGRA~2\Microsoft Visual Studio\2017\Community\VC\Tools\MSVC\14.16.27023\bin\Hostx86\x86\link.exe" /nologo @CMakeFiles\cmTC_4323d.dir\objects1.rsp @C:\Users\USER\AppData\Local\Temp\nm9276.tmp


Detecting C compiler ABI info compiled with the following output:
Change Dir: C:/Users/USER/Desktop/Ucheeba/Programmistika/8/8.9/cmake-build-debug/CMakeFiles/CMakeTmp

Run Build Command:"nmake" "/nologo" "cmTC_916fe\fast"
	"C:\Program Files (x86)\Microsoft Visual Studio\2017\Community\VC\Tools\MSVC\14.16.27023\bin\HostX86\x86\nmake.exe" -f CMakeFiles\cmTC_916fe.dir\build.make /nologo -L                  CMakeFiles\cmTC_916fe.dir\build
Building C object CMakeFiles/cmTC_916fe.dir/CMakeCCompilerABI.c.obj
	"C:\PROGRA~2\Microsoft Visual Studio\2017\Community\VC\Tools\MSVC\14.16.27023\bin\Hostx86\x86\cl.exe" @C:\Users\USER\AppData\Local\Temp\nm9747.tmp
CMakeCCompilerABI.c
Linking C executable cmTC_916fe.exe
	"G:\CLion 2018.3.4\bin\cmake\win\bin\cmake.exe" -E vs_link_exe --intdir=CMakeFiles\cmTC_916fe.dir --manifests  -- "C:\PROGRA~2\Microsoft Visual Studio\2017\Community\VC\Tools\MSVC\14.16.27023\bin\Hostx86\x86\link.exe" /nologo @CMakeFiles\cmTC_916fe.dir\objects1.rsp @C:\Users\USER\AppData\Local\Temp\nm9796.tmp




Detecting C [] compiler features compiled with the following output:
Change Dir: C:/Users/USER/Desktop/Ucheeba/Programmistika/8/8.9/cmake-build-debug/CMakeFiles/CMakeTmp

Run Build Command:"nmake" "/nologo" "cmTC_5c530\fast"
	"C:\Program Files (x86)\Microsoft Visual Studio\2017\Community\VC\Tools\MSVC\14.16.27023\bin\HostX86\x86\nmake.exe" -f CMakeFiles\cmTC_5c530.dir\build.make /nologo -L                  CMakeFiles\cmTC_5c530.dir\build
Building C object CMakeFiles/cmTC_5c530.dir/feature_tests.c.obj
	"C:\PROGRA~2\Microsoft Visual Studio\2017\Community\VC\Tools\MSVC\14.16.27023\bin\Hostx86\x86\cl.exe" @C:\Users\USER\AppData\Local\Temp\nm9B3F.tmp
feature_tests.c
Linking C executable cmTC_5c530.exe
	"G:\CLion 2018.3.4\bin\cmake\win\bin\cmake.exe" -E vs_link_exe --intdir=CMakeFiles\cmTC_5c530.dir --manifests  -- "C:\PROGRA~2\Microsoft Visual Studio\2017\Community\VC\Tools\MSVC\14.16.27023\bin\Hostx86\x86\link.exe" /nologo @CMakeFiles\cmTC_5c530.dir\objects1.rsp @C:\Users\USER\AppData\Local\Temp\nm9B7E.tmp


    Feature record: C_FEATURE:1c_function_prototypes
    Feature record: C_FEATURE:1c_variadic_macros
